<?xml version="1.0" encoding="UTF-8"?>
<!-- Generated by org.testng.reporters.JUnitXMLReporter -->
<testsuite hostname="saifkazi-pc" ignored="0" name="Advantage Shopping Test Demo" tests="3" failures="0" timestamp="06 Dec 2020 05:34:38 GMT" time="16.483" errors="0">
  <testcase name="@BeforeTest setup" time="15.989" classname="com.advantage.qa.testcases.ProductPageTest">
    <failure type="org.openqa.selenium.ElementClickInterceptedException" message="element click intercepted: Element &amp;lt;div class=&amp;quot;noUi-origin noUi-connect&amp;quot;&amp;gt;...&amp;lt;/div&amp;gt; is not clickable at point (111, 729). Other element would receive the click: &amp;lt;div class=&amp;quot;noUi-origin noUi-background&amp;quot;&amp;gt;...&amp;lt;/div&amp;gt;
  (Session info: chrome=87.0.4280.88)
Build info: version: &amp;apos;3.141.59&amp;apos;, revision: &amp;apos;e82be7d358&amp;apos;, time: &amp;apos;2018-11-14T08:17:03&amp;apos;
System info: host: &amp;apos;SAIFKAZI-PC&amp;apos;, ip: &amp;apos;192.168.56.1&amp;apos;, os.name: &amp;apos;Windows 8.1&amp;apos;, os.arch: &amp;apos;amd64&amp;apos;, os.version: &amp;apos;6.3&amp;apos;, java.version: &amp;apos;1.8.0_201&amp;apos;
Driver info: org.openqa.selenium.chrome.ChromeDriver
Capabilities {acceptInsecureCerts: false, browserName: chrome, browserVersion: 87.0.4280.88, chrome: {chromedriverVersion: 86.0.4240.22 (398b0743353ff..., userDataDir: C:\Users\SAIFK~1.HQ0\AppDat...}, goog:chromeOptions: {debuggerAddress: localhost:59290}, javascriptEnabled: true, networkConnectionEnabled: false, pageLoadStrategy: normal, platform: WINDOWS, platformName: WINDOWS, proxy: Proxy(), setWindowRect: true, strictFileInteractability: false, timeouts: {implicit: 0, pageLoad: 300000, script: 30000}, unhandledPromptBehavior: dismiss and notify, webauthn:virtualAuthenticators: true}
Session ID: c5cb335314c9f9b1277b074b83196629">
      <![CDATA[org.openqa.selenium.ElementClickInterceptedException: element click intercepted: Element <div class="noUi-origin noUi-connect">...</div> is not clickable at point (111, 729). Other element would receive the click: <div class="noUi-origin noUi-background">...</div>
  (Session info: chrome=87.0.4280.88)
Build info: version: '3.141.59', revision: 'e82be7d358', time: '2018-11-14T08:17:03'
System info: host: 'SAIFKAZI-PC', ip: '192.168.56.1', os.name: 'Windows 8.1', os.arch: 'amd64', os.version: '6.3', java.version: '1.8.0_201'
Driver info: org.openqa.selenium.chrome.ChromeDriver
Capabilities {acceptInsecureCerts: false, browserName: chrome, browserVersion: 87.0.4280.88, chrome: {chromedriverVersion: 86.0.4240.22 (398b0743353ff..., userDataDir: C:\Users\SAIFK~1.HQ0\AppDat...}, goog:chromeOptions: {debuggerAddress: localhost:59290}, javascriptEnabled: true, networkConnectionEnabled: false, pageLoadStrategy: normal, platform: WINDOWS, platformName: WINDOWS, proxy: Proxy(), setWindowRect: true, strictFileInteractability: false, timeouts: {implicit: 0, pageLoad: 300000, script: 30000}, unhandledPromptBehavior: dismiss and notify, webauthn:virtualAuthenticators: true}
Session ID: c5cb335314c9f9b1277b074b83196629
at org.openqa.selenium.remote.http.W3CHttpResponseCodec.createException(W3CHttpResponseCodec.java:187)
at org.openqa.selenium.remote.http.W3CHttpResponseCodec.decode(W3CHttpResponseCodec.java:122)
at org.openqa.selenium.remote.http.W3CHttpResponseCodec.decode(W3CHttpResponseCodec.java:49)
at org.openqa.selenium.remote.HttpCommandExecutor.execute(HttpCommandExecutor.java:158)
at org.openqa.selenium.remote.service.DriverCommandExecutor.execute(DriverCommandExecutor.java:83)
at org.openqa.selenium.remote.RemoteWebDriver.execute(RemoteWebDriver.java:552)
at org.openqa.selenium.remote.RemoteWebElement.execute(RemoteWebElement.java:285)
at org.openqa.selenium.remote.RemoteWebElement.click(RemoteWebElement.java:84)
at org.openqa.selenium.support.pagefactory.internal.LocatingElementHandler.invoke(LocatingElementHandler.java:51)
at com.sun.proxy.$Proxy11.click(Unknown Source)
at com.advantage.qa.pages.CategoryPage.filterProducts(CategoryPage.java:29)
at com.advantage.qa.pages.CategoryPage.clickLaptop8(CategoryPage.java:35)
at com.advantage.qa.testcases.ProductPageTest.setup(ProductPageTest.java:45)
... Removed 36 stack frames]]>
    </failure>
  </testcase> <!-- @BeforeTest setup -->
  <testcase name="@AfterMethod displayStatus" time="0.0" classname="com.advantage.qa.testcases.ProductPageTest">
    <skipped/>
  </testcase> <!-- @AfterMethod displayStatus -->
  <testcase name="@AfterMethod displayStatus" time="0.0" classname="com.advantage.qa.testcases.ProductPageTest">
    <skipped/>
  </testcase> <!-- @AfterMethod displayStatus -->
  <testcase name="@AfterMethod displayStatus" time="0.0" classname="com.advantage.qa.testcases.ProductPageTest">
    <skipped/>
  </testcase> <!-- @AfterMethod displayStatus -->
  <testcase name="@AfterTest tearDown" time="0.0" classname="com.advantage.qa.testcases.ProductPageTest">
    <skipped/>
  </testcase> <!-- @AfterTest tearDown -->
  <testcase name="verifyAddToCartTest" time="0.0" classname="com.advantage.qa.testcases.ProductPageTest">
    <skipped/>
  </testcase> <!-- verifyAddToCartTest -->
  <testcase name="validatePaymentDetails" time="0.0" classname="com.advantage.qa.testcases.ProductPageTest">
    <skipped/>
  </testcase> <!-- validatePaymentDetails -->
  <testcase name="checkPaymentButtonTest" time="0.0" classname="com.advantage.qa.testcases.ProductPageTest">
    <skipped/>
  </testcase> <!-- checkPaymentButtonTest -->
</testsuite> <!-- Advantage Shopping Test Demo -->
